<?xml version="1.0" encoding="UTF-8"?>
<!-- Generated by org.testng.reporters.JUnitReportReporter -->
<testsuite skipped="0" hostname="LAPTOP-J6VABJ5B" name="com.revature.test.TrainerBatches" tests="1" failures="0" timestamp="24 Aug 2018 02:38:55 GMT" time="18.379" errors="0">
  <testcase name="testAppLaunch" time="18.379" classname="com.revature.test.TrainerBatches"/>
</testsuite> <!-- com.revature.test.TrainerBatches -->
