<?xml version="1.0" encoding="UTF-8"?>
<!-- Generated by org.testng.reporters.JUnitReportReporter -->
<testsuite skipped="0" hostname="LAPTOP-J6VABJ5B" name="com.revature.test.TestSVPLogin" tests="1" failures="0" timestamp="24 Aug 2018 02:27:56 GMT" time="30.129" errors="0">
  <testcase name="testSVPLogin" time="30.129" classname="com.revature.test.TestSVPLogin"/>
</testsuite> <!-- com.revature.test.TestSVPLogin -->
